app/build/outputs/logs/manifest-merger-debug-report.txt
-- Merging decision tree log ---
manifest
ADDED from src\main\AndroidManifest.xml:2:1-20:12
	package
		ADDED from src\main\AndroidManifest.xml:3:7-29
		INJECTED from src\main\AndroidManifest.xml
		INJECTED from src\main\AndroidManifest.xml
	android:versionName
		ADDED from src\main\AndroidManifest.xml:5:7-34
		INJECTED from src\main\AndroidManifest.xml
		INJECTED from src\main\AndroidManifest.xml
	android:versionCode
		ADDED from src\main\AndroidManifest.xml:4:7-30
		INJECTED from src\main\AndroidManifest.xml
		INJECTED from src\main\AndroidManifest.xml
	xmlns:android
		ADDED from src\main\AndroidManifest.xml:2:11-69
uses-sdk
ADDED from src\main\AndroidManifest.xml:6:5-7:40
MERGED from [com.andkulikov:transitionseverywhere:1.7.4] AndroidManifest.xml:8:5-10:41
MERGED from [com.android.support:support-v4:22.2.1] AndroidManifest.xml:20:5-43
	android:targetSdkVersion
		ADDED from src\main\AndroidManifest.xml:7:9-38
		INJECTED from src\main\AndroidManifest.xml
		INJECTED from src\main\AndroidManifest.xml
	android:minSdkVersion
		ADDED from src\main\AndroidManifest.xml:6:15-41
		INJECTED from src\main\AndroidManifest.xml
		INJECTED from src\main\AndroidManifest.xml
application
ADDED from src\main\AndroidManifest.xml:8:5-17:19
MERGED from [com.andkulikov:transitionseverywhere:1.7.4] AndroidManifest.xml:12:5-20
MERGED from [com.android.support:support-v4:22.2.1] AndroidManifest.xml:22:5-20
	android:label
		ADDED from src\main\AndroidManifest.xml:8:51-83
	android:icon
		ADDED from src\main\AndroidManifest.xml:8:18-50
activity#coc.strategy.MainPage
ADDED from src\main\AndroidManifest.xml:9:9-15:20
	android:screenOrientation
		ADDED from src\main\AndroidManifest.xml:9:44-81
	android:label
		ADDED from src\main\AndroidManifest.xml:10:19-51
	android:configChanges
		ADDED from src\main\AndroidManifest.xml:9:82-132
	android:name
		ADDED from src\main\AndroidManifest.xml:9:19-43
intent-filter#android.intent.action.MAIN+android.intent.category.LAUNCHER
ADDED from src\main\AndroidManifest.xml:11:13-14:29
action#android.intent.action.MAIN
ADDED from src\main\AndroidManifest.xml:12:17-69
	android:name
		ADDED from src\main\AndroidManifest.xml:12:25-66
category#android.intent.category.LAUNCHER
ADDED from src\main\AndroidManifest.xml:13:17-77
	android:name
		ADDED from src\main\AndroidManifest.xml:13:27-74
uses-permission#android.permission.READ_EXTERNAL_STORAGE
ADDED from src\main\AndroidManifest.xml:18:5-79
	android:name
		ADDED from src\main\AndroidManifest.xml:18:22-77
uses-permission#android.permission.WRITE_EXTERNAL_STORAGE
ADDED from src\main\AndroidManifest.xml:19:5-80
	android:name
		ADDED from src\main\AndroidManifest.xml:19:22-78